2020-03-10T16:29:17+00:00 CRITICAL Uncaught Error: Call to undefined function sample_theme_post_thumbnail() in /app/public/wp-content/themes/nev_theme/template-parts/content-page.php:17
Stack trace:
#0 /app/public/wp-includes/template.php(724): require()
#1 /app/public/wp-includes/template.php(671): load_template('/app/public/wp-...', false)
#2 /app/public/wp-includes/general-template.php(168): locate_template(Array, true, false)
#3 /app/public/wp-content/themes/nev_theme/page.php(25): get_template_part('template-parts/...', 'page')
#4 /app/public/wp-includes/template-loader.php(98): include('/app/public/wp-...')
#5 /app/public/wp-blog-header.php(19): require_once('/app/public/wp-...')
#6 /app/public/index.php(17): require('/app/public/wp-...')
#7 {main}
  thrown in /app/public/wp-content/themes/nev_theme/template-parts/content-page.php on line 17

2020-03-10T16:30:57+00:00 CRITICAL Uncaught Error: Call to undefined function sample_theme_post_thumbnail() in /app/public/wp-content/themes/nev_theme/template-parts/content-page.php:17
Stack trace:
#0 /app/public/wp-includes/template.php(724): require()
#1 /app/public/wp-includes/template.php(671): load_template('/app/public/wp-...', false)
#2 /app/public/wp-includes/general-template.php(168): locate_template(Array, true, false)
#3 /app/public/wp-content/themes/nev_theme/page.php(25): get_template_part('template-parts/...', 'page')
#4 /app/public/wp-includes/template-loader.php(98): include('/app/public/wp-...')
#5 /app/public/wp-blog-header.php(19): require_once('/app/public/wp-...')
#6 /app/public/index.php(17): require('/app/public/wp-...')
#7 {main}
  thrown in /app/public/wp-content/themes/nev_theme/template-parts/content-page.php on line 17

2020-03-10T16:30:59+00:00 CRITICAL Uncaught Error: Call to undefined function sample_theme_post_thumbnail() in /app/public/wp-content/themes/nev_theme/template-parts/content-page.php:17
Stack trace:
#0 /app/public/wp-includes/template.php(724): require()
#1 /app/public/wp-includes/template.php(671): load_template('/app/public/wp-...', false)
#2 /app/public/wp-includes/general-template.php(168): locate_template(Array, true, false)
#3 /app/public/wp-content/themes/nev_theme/page.php(25): get_template_part('template-parts/...', 'page')
#4 /app/public/wp-includes/template-loader.php(98): include('/app/public/wp-...')
#5 /app/public/wp-blog-header.php(19): require_once('/app/public/wp-...')
#6 /app/public/index.php(17): require('/app/public/wp-...')
#7 {main}
  thrown in /app/public/wp-content/themes/nev_theme/template-parts/content-page.php on line 17

2020-03-10T16:31:25+00:00 CRITICAL Uncaught Error: Call to undefined function sample_theme_post_thumbnail() in /app/public/wp-content/themes/nev_theme/template-parts/content-page.php:17
Stack trace:
#0 /app/public/wp-includes/template.php(724): require()
#1 /app/public/wp-includes/template.php(671): load_template('/app/public/wp-...', false)
#2 /app/public/wp-includes/general-template.php(168): locate_template(Array, true, false)
#3 /app/public/wp-content/themes/nev_theme/page.php(25): get_template_part('template-parts/...', 'page')
#4 /app/public/wp-includes/template-loader.php(98): include('/app/public/wp-...')
#5 /app/public/wp-blog-header.php(19): require_once('/app/public/wp-...')
#6 /app/public/index.php(17): require('/app/public/wp-...')
#7 {main}
  thrown in /app/public/wp-content/themes/nev_theme/template-parts/content-page.php on line 17

2020-03-10T16:31:27+00:00 CRITICAL Uncaught Error: Call to undefined function sample_theme_post_thumbnail() in /app/public/wp-content/themes/nev_theme/template-parts/content-page.php:17
Stack trace:
#0 /app/public/wp-includes/template.php(724): require()
#1 /app/public/wp-includes/template.php(671): load_template('/app/public/wp-...', false)
#2 /app/public/wp-includes/general-template.php(168): locate_template(Array, true, false)
#3 /app/public/wp-content/themes/nev_theme/page.php(25): get_template_part('template-parts/...', 'page')
#4 /app/public/wp-includes/template-loader.php(98): include('/app/public/wp-...')
#5 /app/public/wp-blog-header.php(19): require_once('/app/public/wp-...')
#6 /app/public/index.php(17): require('/app/public/wp-...')
#7 {main}
  thrown in /app/public/wp-content/themes/nev_theme/template-parts/content-page.php on line 17

2020-03-10T16:31:52+00:00 CRITICAL Uncaught Error: Call to undefined function sample_theme_post_thumbnail() in /app/public/wp-content/themes/nev_theme/template-parts/content-page.php:17
Stack trace:
#0 /app/public/wp-includes/template.php(724): require()
#1 /app/public/wp-includes/template.php(671): load_template('/app/public/wp-...', false)
#2 /app/public/wp-includes/general-template.php(168): locate_template(Array, true, false)
#3 /app/public/wp-content/themes/nev_theme/page.php(25): get_template_part('template-parts/...', 'page')
#4 /app/public/wp-includes/template-loader.php(98): include('/app/public/wp-...')
#5 /app/public/wp-blog-header.php(19): require_once('/app/public/wp-...')
#6 /app/public/index.php(17): require('/app/public/wp-...')
#7 {main}
  thrown in /app/public/wp-content/themes/nev_theme/template-parts/content-page.php on line 17

2020-03-10T16:31:53+00:00 CRITICAL Uncaught Error: Call to undefined function sample_theme_post_thumbnail() in /app/public/wp-content/themes/nev_theme/template-parts/content-page.php:17
Stack trace:
#0 /app/public/wp-includes/template.php(724): require()
#1 /app/public/wp-includes/template.php(671): load_template('/app/public/wp-...', false)
#2 /app/public/wp-includes/general-template.php(168): locate_template(Array, true, false)
#3 /app/public/wp-content/themes/nev_theme/page.php(25): get_template_part('template-parts/...', 'page')
#4 /app/public/wp-includes/template-loader.php(98): include('/app/public/wp-...')
#5 /app/public/wp-blog-header.php(19): require_once('/app/public/wp-...')
#6 /app/public/index.php(17): require('/app/public/wp-...')
#7 {main}
  thrown in /app/public/wp-content/themes/nev_theme/template-parts/content-page.php on line 17

2020-03-10T16:31:54+00:00 CRITICAL Uncaught Error: Call to undefined function sample_theme_post_thumbnail() in /app/public/wp-content/themes/nev_theme/template-parts/content-page.php:17
Stack trace:
#0 /app/public/wp-includes/template.php(724): require()
#1 /app/public/wp-includes/template.php(671): load_template('/app/public/wp-...', false)
#2 /app/public/wp-includes/general-template.php(168): locate_template(Array, true, false)
#3 /app/public/wp-content/themes/nev_theme/page.php(25): get_template_part('template-parts/...', 'page')
#4 /app/public/wp-includes/template-loader.php(98): include('/app/public/wp-...')
#5 /app/public/wp-blog-header.php(19): require_once('/app/public/wp-...')
#6 /app/public/index.php(17): require('/app/public/wp-...')
#7 {main}
  thrown in /app/public/wp-content/themes/nev_theme/template-parts/content-page.php on line 17

2020-03-10T16:31:54+00:00 CRITICAL Uncaught Error: Call to undefined function sample_theme_post_thumbnail() in /app/public/wp-content/themes/nev_theme/template-parts/content-page.php:17
Stack trace:
#0 /app/public/wp-includes/template.php(724): require()
#1 /app/public/wp-includes/template.php(671): load_template('/app/public/wp-...', false)
#2 /app/public/wp-includes/general-template.php(168): locate_template(Array, true, false)
#3 /app/public/wp-content/themes/nev_theme/page.php(25): get_template_part('template-parts/...', 'page')
#4 /app/public/wp-includes/template-loader.php(98): include('/app/public/wp-...')
#5 /app/public/wp-blog-header.php(19): require_once('/app/public/wp-...')
#6 /app/public/index.php(17): require('/app/public/wp-...')
#7 {main}
  thrown in /app/public/wp-content/themes/nev_theme/template-parts/content-page.php on line 17

2020-03-10T16:31:54+00:00 CRITICAL Uncaught Error: Call to undefined function sample_theme_post_thumbnail() in /app/public/wp-content/themes/nev_theme/template-parts/content-page.php:17
Stack trace:
#0 /app/public/wp-includes/template.php(724): require()
#1 /app/public/wp-includes/template.php(671): load_template('/app/public/wp-...', false)
#2 /app/public/wp-includes/general-template.php(168): locate_template(Array, true, false)
#3 /app/public/wp-content/themes/nev_theme/page.php(25): get_template_part('template-parts/...', 'page')
#4 /app/public/wp-includes/template-loader.php(98): include('/app/public/wp-...')
#5 /app/public/wp-blog-header.php(19): require_once('/app/public/wp-...')
#6 /app/public/index.php(17): require('/app/public/wp-...')
#7 {main}
  thrown in /app/public/wp-content/themes/nev_theme/template-parts/content-page.php on line 17

2020-03-10T16:31:54+00:00 CRITICAL Uncaught Error: Call to undefined function sample_theme_post_thumbnail() in /app/public/wp-content/themes/nev_theme/template-parts/content-page.php:17
Stack trace:
#0 /app/public/wp-includes/template.php(724): require()
#1 /app/public/wp-includes/template.php(671): load_template('/app/public/wp-...', false)
#2 /app/public/wp-includes/general-template.php(168): locate_template(Array, true, false)
#3 /app/public/wp-content/themes/nev_theme/page.php(25): get_template_part('template-parts/...', 'page')
#4 /app/public/wp-includes/template-loader.php(98): include('/app/public/wp-...')
#5 /app/public/wp-blog-header.php(19): require_once('/app/public/wp-...')
#6 /app/public/index.php(17): require('/app/public/wp-...')
#7 {main}
  thrown in /app/public/wp-content/themes/nev_theme/template-parts/content-page.php on line 17

2020-03-10T16:32:26+00:00 CRITICAL Uncaught Error: Call to undefined function sample_theme_post_thumbnail() in /app/public/wp-content/themes/nev_theme/template-parts/content-page.php:17
Stack trace:
#0 /app/public/wp-includes/template.php(724): require()
#1 /app/public/wp-includes/template.php(671): load_template('/app/public/wp-...', false)
#2 /app/public/wp-includes/general-template.php(168): locate_template(Array, true, false)
#3 /app/public/wp-content/themes/nev_theme/page.php(25): get_template_part('template-parts/...', 'page')
#4 /app/public/wp-includes/template-loader.php(98): include('/app/public/wp-...')
#5 /app/public/wp-blog-header.php(19): require_once('/app/public/wp-...')
#6 /app/public/index.php(17): require('/app/public/wp-...')
#7 {main}
  thrown in /app/public/wp-content/themes/nev_theme/template-parts/content-page.php on line 17

2020-03-10T16:32:27+00:00 CRITICAL Uncaught Error: Call to undefined function sample_theme_post_thumbnail() in /app/public/wp-content/themes/nev_theme/template-parts/content-page.php:17
Stack trace:
#0 /app/public/wp-includes/template.php(724): require()
#1 /app/public/wp-includes/template.php(671): load_template('/app/public/wp-...', false)
#2 /app/public/wp-includes/general-template.php(168): locate_template(Array, true, false)
#3 /app/public/wp-content/themes/nev_theme/page.php(25): get_template_part('template-parts/...', 'page')
#4 /app/public/wp-includes/template-loader.php(98): include('/app/public/wp-...')
#5 /app/public/wp-blog-header.php(19): require_once('/app/public/wp-...')
#6 /app/public/index.php(17): require('/app/public/wp-...')
#7 {main}
  thrown in /app/public/wp-content/themes/nev_theme/template-parts/content-page.php on line 17

2020-03-10T16:32:28+00:00 CRITICAL Uncaught Error: Call to undefined function sample_theme_post_thumbnail() in /app/public/wp-content/themes/nev_theme/template-parts/content-page.php:17
Stack trace:
#0 /app/public/wp-includes/template.php(724): require()
#1 /app/public/wp-includes/template.php(671): load_template('/app/public/wp-...', false)
#2 /app/public/wp-includes/general-template.php(168): locate_template(Array, true, false)
#3 /app/public/wp-content/themes/nev_theme/page.php(25): get_template_part('template-parts/...', 'page')
#4 /app/public/wp-includes/template-loader.php(98): include('/app/public/wp-...')
#5 /app/public/wp-blog-header.php(19): require_once('/app/public/wp-...')
#6 /app/public/index.php(17): require('/app/public/wp-...')
#7 {main}
  thrown in /app/public/wp-content/themes/nev_theme/template-parts/content-page.php on line 17

2020-03-10T16:32:28+00:00 CRITICAL Uncaught Error: Call to undefined function sample_theme_post_thumbnail() in /app/public/wp-content/themes/nev_theme/template-parts/content-page.php:17
Stack trace:
#0 /app/public/wp-includes/template.php(724): require()
#1 /app/public/wp-includes/template.php(671): load_template('/app/public/wp-...', false)
#2 /app/public/wp-includes/general-template.php(168): locate_template(Array, true, false)
#3 /app/public/wp-content/themes/nev_theme/page.php(25): get_template_part('template-parts/...', 'page')
#4 /app/public/wp-includes/template-loader.php(98): include('/app/public/wp-...')
#5 /app/public/wp-blog-header.php(19): require_once('/app/public/wp-...')
#6 /app/public/index.php(17): require('/app/public/wp-...')
#7 {main}
  thrown in /app/public/wp-content/themes/nev_theme/template-parts/content-page.php on line 17

2020-03-10T16:33:19+00:00 CRITICAL Uncaught Error: Call to undefined function sample_theme_post_thumbnail() in /app/public/wp-content/themes/nev_theme/template-parts/content-page.php:17
Stack trace:
#0 /app/public/wp-includes/template.php(724): require()
#1 /app/public/wp-includes/template.php(671): load_template('/app/public/wp-...', false)
#2 /app/public/wp-includes/general-template.php(168): locate_template(Array, true, false)
#3 /app/public/wp-content/themes/nev_theme/page.php(25): get_template_part('template-parts/...', 'page')
#4 /app/public/wp-includes/template-loader.php(98): include('/app/public/wp-...')
#5 /app/public/wp-blog-header.php(19): require_once('/app/public/wp-...')
#6 /app/public/index.php(17): require('/app/public/wp-...')
#7 {main}
  thrown in /app/public/wp-content/themes/nev_theme/template-parts/content-page.php on line 17

2020-03-10T16:33:20+00:00 CRITICAL Uncaught Error: Call to undefined function sample_theme_post_thumbnail() in /app/public/wp-content/themes/nev_theme/template-parts/content-page.php:17
Stack trace:
#0 /app/public/wp-includes/template.php(724): require()
#1 /app/public/wp-includes/template.php(671): load_template('/app/public/wp-...', false)
#2 /app/public/wp-includes/general-template.php(168): locate_template(Array, true, false)
#3 /app/public/wp-content/themes/nev_theme/page.php(25): get_template_part('template-parts/...', 'page')
#4 /app/public/wp-includes/template-loader.php(98): include('/app/public/wp-...')
#5 /app/public/wp-blog-header.php(19): require_once('/app/public/wp-...')
#6 /app/public/index.php(17): require('/app/public/wp-...')
#7 {main}
  thrown in /app/public/wp-content/themes/nev_theme/template-parts/content-page.php on line 17

2020-03-10T16:33:21+00:00 CRITICAL Uncaught Error: Call to undefined function sample_theme_post_thumbnail() in /app/public/wp-content/themes/nev_theme/template-parts/content-page.php:17
Stack trace:
#0 /app/public/wp-includes/template.php(724): require()
#1 /app/public/wp-includes/template.php(671): load_template('/app/public/wp-...', false)
#2 /app/public/wp-includes/general-template.php(168): locate_template(Array, true, false)
#3 /app/public/wp-content/themes/nev_theme/page.php(25): get_template_part('template-parts/...', 'page')
#4 /app/public/wp-includes/template-loader.php(98): include('/app/public/wp-...')
#5 /app/public/wp-blog-header.php(19): require_once('/app/public/wp-...')
#6 /app/public/index.php(17): require('/app/public/wp-...')
#7 {main}
  thrown in /app/public/wp-content/themes/nev_theme/template-parts/content-page.php on line 17

2020-03-10T16:33:49+00:00 CRITICAL Uncaught Error: Call to undefined function sample_theme_post_thumbnail() in /app/public/wp-content/themes/nev_theme/template-parts/content-page.php:17
Stack trace:
#0 /app/public/wp-includes/template.php(724): require()
#1 /app/public/wp-includes/template.php(671): load_template('/app/public/wp-...', false)
#2 /app/public/wp-includes/general-template.php(168): locate_template(Array, true, false)
#3 /app/public/wp-content/themes/nev_theme/page.php(25): get_template_part('template-parts/...', 'page')
#4 /app/public/wp-includes/template-loader.php(98): include('/app/public/wp-...')
#5 /app/public/wp-blog-header.php(19): require_once('/app/public/wp-...')
#6 /app/public/index.php(17): require('/app/public/wp-...')
#7 {main}
  thrown in /app/public/wp-content/themes/nev_theme/template-parts/content-page.php on line 17

2020-03-10T16:33:51+00:00 CRITICAL Uncaught Error: Call to undefined function sample_theme_post_thumbnail() in /app/public/wp-content/themes/nev_theme/template-parts/content-page.php:17
Stack trace:
#0 /app/public/wp-includes/template.php(724): require()
#1 /app/public/wp-includes/template.php(671): load_template('/app/public/wp-...', false)
#2 /app/public/wp-includes/general-template.php(168): locate_template(Array, true, false)
#3 /app/public/wp-content/themes/nev_theme/page.php(25): get_template_part('template-parts/...', 'page')
#4 /app/public/wp-includes/template-loader.php(98): include('/app/public/wp-...')
#5 /app/public/wp-blog-header.php(19): require_once('/app/public/wp-...')
#6 /app/public/index.php(17): require('/app/public/wp-...')
#7 {main}
  thrown in /app/public/wp-content/themes/nev_theme/template-parts/content-page.php on line 17

2020-03-10T16:33:51+00:00 CRITICAL Uncaught Error: Call to undefined function sample_theme_post_thumbnail() in /app/public/wp-content/themes/nev_theme/template-parts/content-page.php:17
Stack trace:
#0 /app/public/wp-includes/template.php(724): require()
#1 /app/public/wp-includes/template.php(671): load_template('/app/public/wp-...', false)
#2 /app/public/wp-includes/general-template.php(168): locate_template(Array, true, false)
#3 /app/public/wp-content/themes/nev_theme/page.php(25): get_template_part('template-parts/...', 'page')
#4 /app/public/wp-includes/template-loader.php(98): include('/app/public/wp-...')
#5 /app/public/wp-blog-header.php(19): require_once('/app/public/wp-...')
#6 /app/public/index.php(17): require('/app/public/wp-...')
#7 {main}
  thrown in /app/public/wp-content/themes/nev_theme/template-parts/content-page.php on line 17

2020-03-10T16:33:52+00:00 CRITICAL Uncaught Error: Call to undefined function sample_theme_post_thumbnail() in /app/public/wp-content/themes/nev_theme/template-parts/content-page.php:17
Stack trace:
#0 /app/public/wp-includes/template.php(724): require()
#1 /app/public/wp-includes/template.php(671): load_template('/app/public/wp-...', false)
#2 /app/public/wp-includes/general-template.php(168): locate_template(Array, true, false)
#3 /app/public/wp-content/themes/nev_theme/page.php(25): get_template_part('template-parts/...', 'page')
#4 /app/public/wp-includes/template-loader.php(98): include('/app/public/wp-...')
#5 /app/public/wp-blog-header.php(19): require_once('/app/public/wp-...')
#6 /app/public/index.php(17): require('/app/public/wp-...')
#7 {main}
  thrown in /app/public/wp-content/themes/nev_theme/template-parts/content-page.php on line 17

2020-03-10T16:33:52+00:00 CRITICAL Uncaught Error: Call to undefined function sample_theme_post_thumbnail() in /app/public/wp-content/themes/nev_theme/template-parts/content-page.php:17
Stack trace:
#0 /app/public/wp-includes/template.php(724): require()
#1 /app/public/wp-includes/template.php(671): load_template('/app/public/wp-...', false)
#2 /app/public/wp-includes/general-template.php(168): locate_template(Array, true, false)
#3 /app/public/wp-content/themes/nev_theme/page.php(25): get_template_part('template-parts/...', 'page')
#4 /app/public/wp-includes/template-loader.php(98): include('/app/public/wp-...')
#5 /app/public/wp-blog-header.php(19): require_once('/app/public/wp-...')
#6 /app/public/index.php(17): require('/app/public/wp-...')
#7 {main}
  thrown in /app/public/wp-content/themes/nev_theme/template-parts/content-page.php on line 17

2020-03-10T16:34:50+00:00 CRITICAL Uncaught Error: Call to undefined function sample_theme_post_thumbnail() in /app/public/wp-content/themes/nev_theme/template-parts/content-page.php:17
Stack trace:
#0 /app/public/wp-includes/template.php(724): require()
#1 /app/public/wp-includes/template.php(671): load_template('/app/public/wp-...', false)
#2 /app/public/wp-includes/general-template.php(168): locate_template(Array, true, false)
#3 /app/public/wp-content/themes/nev_theme/page.php(25): get_template_part('template-parts/...', 'page')
#4 /app/public/wp-includes/template-loader.php(98): include('/app/public/wp-...')
#5 /app/public/wp-blog-header.php(19): require_once('/app/public/wp-...')
#6 /app/public/index.php(17): require('/app/public/wp-...')
#7 {main}
  thrown in /app/public/wp-content/themes/nev_theme/template-parts/content-page.php on line 17

2020-03-10T16:34:51+00:00 CRITICAL Uncaught Error: Call to undefined function sample_theme_post_thumbnail() in /app/public/wp-content/themes/nev_theme/template-parts/content-page.php:17
Stack trace:
#0 /app/public/wp-includes/template.php(724): require()
#1 /app/public/wp-includes/template.php(671): load_template('/app/public/wp-...', false)
#2 /app/public/wp-includes/general-template.php(168): locate_template(Array, true, false)
#3 /app/public/wp-content/themes/nev_theme/page.php(25): get_template_part('template-parts/...', 'page')
#4 /app/public/wp-includes/template-loader.php(98): include('/app/public/wp-...')
#5 /app/public/wp-blog-header.php(19): require_once('/app/public/wp-...')
#6 /app/public/index.php(17): require('/app/public/wp-...')
#7 {main}
  thrown in /app/public/wp-content/themes/nev_theme/template-parts/content-page.php on line 17

2020-03-10T16:34:52+00:00 CRITICAL Uncaught Error: Call to undefined function sample_theme_post_thumbnail() in /app/public/wp-content/themes/nev_theme/template-parts/content-page.php:17
Stack trace:
#0 /app/public/wp-includes/template.php(724): require()
#1 /app/public/wp-includes/template.php(671): load_template('/app/public/wp-...', false)
#2 /app/public/wp-includes/general-template.php(168): locate_template(Array, true, false)
#3 /app/public/wp-content/themes/nev_theme/page.php(25): get_template_part('template-parts/...', 'page')
#4 /app/public/wp-includes/template-loader.php(98): include('/app/public/wp-...')
#5 /app/public/wp-blog-header.php(19): require_once('/app/public/wp-...')
#6 /app/public/index.php(17): require('/app/public/wp-...')
#7 {main}
  thrown in /app/public/wp-content/themes/nev_theme/template-parts/content-page.php on line 17

2020-03-10T16:34:53+00:00 CRITICAL Uncaught Error: Call to undefined function sample_theme_post_thumbnail() in /app/public/wp-content/themes/nev_theme/template-parts/content-page.php:17
Stack trace:
#0 /app/public/wp-includes/template.php(724): require()
#1 /app/public/wp-includes/template.php(671): load_template('/app/public/wp-...', false)
#2 /app/public/wp-includes/general-template.php(168): locate_template(Array, true, false)
#3 /app/public/wp-content/themes/nev_theme/page.php(25): get_template_part('template-parts/...', 'page')
#4 /app/public/wp-includes/template-loader.php(98): include('/app/public/wp-...')
#5 /app/public/wp-blog-header.php(19): require_once('/app/public/wp-...')
#6 /app/public/index.php(17): require('/app/public/wp-...')
#7 {main}
  thrown in /app/public/wp-content/themes/nev_theme/template-parts/content-page.php on line 17

2020-03-10T16:35:13+00:00 CRITICAL Uncaught Error: Call to undefined function sample_theme_post_thumbnail() in /app/public/wp-content/themes/nev_theme/template-parts/content-page.php:17
Stack trace:
#0 /app/public/wp-includes/template.php(724): require()
#1 /app/public/wp-includes/template.php(671): load_template('/app/public/wp-...', false)
#2 /app/public/wp-includes/general-template.php(168): locate_template(Array, true, false)
#3 /app/public/wp-content/themes/nev_theme/page.php(25): get_template_part('template-parts/...', 'page')
#4 /app/public/wp-includes/template-loader.php(98): include('/app/public/wp-...')
#5 /app/public/wp-blog-header.php(19): require_once('/app/public/wp-...')
#6 /app/public/index.php(17): require('/app/public/wp-...')
#7 {main}
  thrown in /app/public/wp-content/themes/nev_theme/template-parts/content-page.php on line 17

2020-03-10T16:35:14+00:00 CRITICAL Uncaught Error: Call to undefined function sample_theme_post_thumbnail() in /app/public/wp-content/themes/nev_theme/template-parts/content-page.php:17
Stack trace:
#0 /app/public/wp-includes/template.php(724): require()
#1 /app/public/wp-includes/template.php(671): load_template('/app/public/wp-...', false)
#2 /app/public/wp-includes/general-template.php(168): locate_template(Array, true, false)
#3 /app/public/wp-content/themes/nev_theme/page.php(25): get_template_part('template-parts/...', 'page')
#4 /app/public/wp-includes/template-loader.php(98): include('/app/public/wp-...')
#5 /app/public/wp-blog-header.php(19): require_once('/app/public/wp-...')
#6 /app/public/index.php(17): require('/app/public/wp-...')
#7 {main}
  thrown in /app/public/wp-content/themes/nev_theme/template-parts/content-page.php on line 17

2020-03-10T16:36:18+00:00 CRITICAL Uncaught Error: Call to undefined function sample_theme_post_thumbnail() in /app/public/wp-content/themes/nev_theme/template-parts/content-page.php:17
Stack trace:
#0 /app/public/wp-includes/template.php(724): require()
#1 /app/public/wp-includes/template.php(671): load_template('/app/public/wp-...', false)
#2 /app/public/wp-includes/general-template.php(168): locate_template(Array, true, false)
#3 /app/public/wp-content/themes/nev_theme/page.php(25): get_template_part('template-parts/...', 'page')
#4 /app/public/wp-includes/template-loader.php(98): include('/app/public/wp-...')
#5 /app/public/wp-blog-header.php(19): require_once('/app/public/wp-...')
#6 /app/public/index.php(17): require('/app/public/wp-...')
#7 {main}
  thrown in /app/public/wp-content/themes/nev_theme/template-parts/content-page.php on line 17

2020-03-10T16:37:43+00:00 CRITICAL Uncaught Error: Call to undefined function sample_theme_post_thumbnail() in /app/public/wp-content/themes/nev_theme/template-parts/content-page.php:17
Stack trace:
#0 /app/public/wp-includes/template.php(724): require()
#1 /app/public/wp-includes/template.php(671): load_template('/app/public/wp-...', false)
#2 /app/public/wp-includes/general-template.php(168): locate_template(Array, true, false)
#3 /app/public/wp-content/themes/nev_theme/page.php(25): get_template_part('template-parts/...', 'page')
#4 /app/public/wp-includes/template-loader.php(98): include('/app/public/wp-...')
#5 /app/public/wp-blog-header.php(19): require_once('/app/public/wp-...')
#6 /app/public/index.php(17): require('/app/public/wp-...')
#7 {main}
  thrown in /app/public/wp-content/themes/nev_theme/template-parts/content-page.php on line 17

2020-03-10T16:37:46+00:00 CRITICAL Uncaught Error: Call to undefined function sample_theme_post_thumbnail() in /app/public/wp-content/themes/nev_theme/template-parts/content-page.php:17
Stack trace:
#0 /app/public/wp-includes/template.php(724): require()
#1 /app/public/wp-includes/template.php(671): load_template('/app/public/wp-...', false)
#2 /app/public/wp-includes/general-template.php(168): locate_template(Array, true, false)
#3 /app/public/wp-content/themes/nev_theme/page.php(25): get_template_part('template-parts/...', 'page')
#4 /app/public/wp-includes/template-loader.php(98): include('/app/public/wp-...')
#5 /app/public/wp-blog-header.php(19): require_once('/app/public/wp-...')
#6 /app/public/index.php(17): require('/app/public/wp-...')
#7 {main}
  thrown in /app/public/wp-content/themes/nev_theme/template-parts/content-page.php on line 17

2020-03-10T16:37:46+00:00 CRITICAL Uncaught Error: Call to undefined function sample_theme_post_thumbnail() in /app/public/wp-content/themes/nev_theme/template-parts/content-page.php:17
Stack trace:
#0 /app/public/wp-includes/template.php(724): require()
#1 /app/public/wp-includes/template.php(671): load_template('/app/public/wp-...', false)
#2 /app/public/wp-includes/general-template.php(168): locate_template(Array, true, false)
#3 /app/public/wp-content/themes/nev_theme/page.php(25): get_template_part('template-parts/...', 'page')
#4 /app/public/wp-includes/template-loader.php(98): include('/app/public/wp-...')
#5 /app/public/wp-blog-header.php(19): require_once('/app/public/wp-...')
#6 /app/public/index.php(17): require('/app/public/wp-...')
#7 {main}
  thrown in /app/public/wp-content/themes/nev_theme/template-parts/content-page.php on line 17

2020-03-10T16:37:46+00:00 CRITICAL Uncaught Error: Call to undefined function sample_theme_post_thumbnail() in /app/public/wp-content/themes/nev_theme/template-parts/content-page.php:17
Stack trace:
#0 /app/public/wp-includes/template.php(724): require()
#1 /app/public/wp-includes/template.php(671): load_template('/app/public/wp-...', false)
#2 /app/public/wp-includes/general-template.php(168): locate_template(Array, true, false)
#3 /app/public/wp-content/themes/nev_theme/page.php(25): get_template_part('template-parts/...', 'page')
#4 /app/public/wp-includes/template-loader.php(98): include('/app/public/wp-...')
#5 /app/public/wp-blog-header.php(19): require_once('/app/public/wp-...')
#6 /app/public/index.php(17): require('/app/public/wp-...')
#7 {main}
  thrown in /app/public/wp-content/themes/nev_theme/template-parts/content-page.php on line 17

